[07-Dec-2016 06:35:02 UTC] PHP Warning:  Invalid argument supplied for foreach() in /home/u275252467/public_html/app/View/_element/menu.php on line 4
[07-Dec-2016 06:35:03 UTC] PHP Warning:  Invalid argument supplied for foreach() in /home/u275252467/public_html/app/View/_element/menu.php on line 4
[07-Dec-2016 06:50:00 UTC] PHP Warning:  include_once(/home/u275252467/public_html/app/View/_layout/articles.php): failed to open stream: No such file or directory in /home/u275252467/public_html/lib/View/Class.php on line 68
[07-Dec-2016 06:50:00 UTC] PHP Warning:  include_once(): Failed opening '/home/u275252467/public_html/app/View/_layout/articles.php' for inclusion (include_path='/home/u275252467/public_html/lib:/home/u275252467/public_html/app/classes:.:/opt/php-5.5/pear') in /home/u275252467/public_html/lib/View/Class.php on line 68
[07-Dec-2016 06:55:06 UTC] PHP Warning:  Invalid argument supplied for foreach() in /home/u275252467/public_html/app/View/_element/menu.php on line 4
[07-Dec-2016 06:55:06 UTC] PHP Warning:  Invalid argument supplied for foreach() in /home/u275252467/public_html/app/View/_element/menu.php on line 4
[07-Dec-2016 06:55:57 UTC] PHP Warning:  Invalid argument supplied for foreach() in /home/u275252467/public_html/app/View/_element/menu.php on line 4
[07-Dec-2016 06:55:57 UTC] PHP Warning:  Invalid argument supplied for foreach() in /home/u275252467/public_html/app/View/_element/menu.php on line 4
[07-Dec-2016 06:55:58 UTC] PHP Warning:  Invalid argument supplied for foreach() in /home/u275252467/public_html/app/View/_element/menu.php on line 4
[07-Dec-2016 06:55:58 UTC] PHP Warning:  Invalid argument supplied for foreach() in /home/u275252467/public_html/app/View/_element/menu.php on line 4
[07-Dec-2016 06:55:59 UTC] PHP Warning:  Invalid argument supplied for foreach() in /home/u275252467/public_html/app/View/_element/menu.php on line 4
[07-Dec-2016 06:55:59 UTC] PHP Warning:  Invalid argument supplied for foreach() in /home/u275252467/public_html/app/View/_element/menu.php on line 4
[07-Dec-2016 06:55:59 UTC] PHP Warning:  Invalid argument supplied for foreach() in /home/u275252467/public_html/app/View/_element/menu.php on line 4
[07-Dec-2016 06:56:00 UTC] PHP Warning:  Invalid argument supplied for foreach() in /home/u275252467/public_html/app/View/_element/menu.php on line 4
[07-Dec-2016 06:56:03 UTC] PHP Warning:  Invalid argument supplied for foreach() in /home/u275252467/public_html/app/View/_element/menu.php on line 4
[07-Dec-2016 06:56:03 UTC] PHP Warning:  Invalid argument supplied for foreach() in /home/u275252467/public_html/app/View/_element/menu.php on line 4
[07-Dec-2016 06:56:03 UTC] PHP Warning:  Invalid argument supplied for foreach() in /home/u275252467/public_html/app/View/_element/menu.php on line 4
[07-Dec-2016 07:01:24 UTC] PHP Warning:  Invalid argument supplied for foreach() in /home/u275252467/public_html/app/View/_element/menu.php on line 4
[07-Dec-2016 07:36:18 UTC] PHP Parse error:  syntax error, unexpected '++' (T_INC), expecting ')' in /home/u275252467/public_html/app/View/_layout/articles.php on line 13
[07-Dec-2016 07:36:21 UTC] PHP Parse error:  syntax error, unexpected '++' (T_INC), expecting ')' in /home/u275252467/public_html/app/View/_layout/articles.php on line 13
[07-Dec-2016 07:36:27 UTC] PHP Parse error:  syntax error, unexpected '++' (T_INC), expecting ')' in /home/u275252467/public_html/app/View/_layout/articles.php on line 13
[07-Dec-2016 07:36:39 UTC] PHP Parse error:  syntax error, unexpected '++' (T_INC), expecting ')' in /home/u275252467/public_html/app/View/_layout/articles.php on line 13
[07-Dec-2016 07:36:51 UTC] PHP Parse error:  syntax error, unexpected '++' (T_INC), expecting ')' in /home/u275252467/public_html/app/View/_layout/articles.php on line 13
[07-Dec-2016 07:37:11 UTC] PHP Parse error:  syntax error, unexpected '++' (T_INC), expecting ')' in /home/u275252467/public_html/app/View/_layout/articles.php on line 13
[07-Dec-2016 07:37:12 UTC] PHP Parse error:  syntax error, unexpected '++' (T_INC), expecting ')' in /home/u275252467/public_html/app/View/_layout/articles.php on line 13
[07-Dec-2016 07:37:13 UTC] PHP Parse error:  syntax error, unexpected '++' (T_INC), expecting ')' in /home/u275252467/public_html/app/View/_layout/articles.php on line 13
[07-Dec-2016 07:37:13 UTC] PHP Parse error:  syntax error, unexpected '++' (T_INC), expecting ')' in /home/u275252467/public_html/app/View/_layout/articles.php on line 13
[07-Dec-2016 07:37:25 UTC] PHP Parse error:  syntax error, unexpected '++' (T_INC), expecting ')' in /home/u275252467/public_html/app/View/_layout/articles.php on line 13
[07-Dec-2016 07:37:25 UTC] PHP Parse error:  syntax error, unexpected '++' (T_INC), expecting ')' in /home/u275252467/public_html/app/View/_layout/articles.php on line 13
[07-Dec-2016 07:37:25 UTC] PHP Parse error:  syntax error, unexpected '++' (T_INC), expecting ')' in /home/u275252467/public_html/app/View/_layout/articles.php on line 13
[07-Dec-2016 07:38:57 UTC] PHP Parse error:  syntax error, unexpected '++' (T_INC), expecting ')' in /home/u275252467/public_html/app/View/_layout/articles.php on line 13
[07-Dec-2016 07:40:39 UTC] PHP Parse error:  syntax error, unexpected 'echo' (T_ECHO), expecting ',' or ';' in /home/u275252467/public_html/app/View/_layout/articles.php on line 15
[07-Dec-2016 07:40:41 UTC] PHP Parse error:  syntax error, unexpected 'echo' (T_ECHO), expecting ',' or ';' in /home/u275252467/public_html/app/View/_layout/articles.php on line 15
[07-Dec-2016 16:08:08 UTC] PHP Warning:  Invalid argument supplied for foreach() in /home/u509371028/public_html/app/View/_element/menu.php on line 4
[07-Dec-2016 16:08:09 UTC] PHP Warning:  Invalid argument supplied for foreach() in /home/u509371028/public_html/app/View/_element/menu.php on line 4
[07-Dec-2016 16:10:11 UTC] PHP Warning:  Invalid argument supplied for foreach() in /home/u509371028/public_html/app/View/_element/menu.php on line 4
[07-Dec-2016 16:10:12 UTC] PHP Warning:  Invalid argument supplied for foreach() in /home/u509371028/public_html/app/View/_element/menu.php on line 4
[07-Dec-2016 16:10:31 UTC] PHP Warning:  Invalid argument supplied for foreach() in /home/u509371028/public_html/app/View/_element/menu.php on line 4
[07-Dec-2016 16:10:31 UTC] PHP Warning:  Invalid argument supplied for foreach() in /home/u509371028/public_html/app/View/_element/menu.php on line 4
[07-Dec-2016 16:11:06 UTC] PHP Warning:  Invalid argument supplied for foreach() in /home/u509371028/public_html/app/View/_element/menu.php on line 4
[07-Dec-2016 16:11:06 UTC] PHP Warning:  Invalid argument supplied for foreach() in /home/u509371028/public_html/app/View/_element/menu.php on line 4
[07-Dec-2016 16:11:18 UTC] PHP Warning:  Invalid argument supplied for foreach() in /home/u509371028/public_html/app/View/_element/menu.php on line 4
[07-Dec-2016 16:11:19 UTC] PHP Warning:  Invalid argument supplied for foreach() in /home/u509371028/public_html/app/View/_element/menu.php on line 4
[07-Dec-2016 16:18:54 UTC] PHP Warning:  Invalid argument supplied for foreach() in /home/u509371028/public_html/app/View/_element/menu.php on line 4
[07-Dec-2016 16:18:54 UTC] PHP Warning:  require(PHP/Parser.php): failed to open stream: No such file or directory in /home/u509371028/public_html/app/View/_layout/index.php on line 61
[07-Dec-2016 16:18:54 UTC] PHP Fatal error:  require(): Failed opening required 'PHP/Parser.php' (include_path='/home/u509371028/public_html/lib:/home/u509371028/public_html/app/classes:.:/opt/php-5.5/pear') in /home/u509371028/public_html/app/View/_layout/index.php on line 61
[07-Dec-2016 16:18:54 UTC] PHP Warning:  Invalid argument supplied for foreach() in /home/u509371028/public_html/app/View/_element/menu.php on line 4
[07-Dec-2016 16:18:54 UTC] PHP Warning:  Invalid argument supplied for foreach() in /home/u509371028/public_html/app/View/_element/menu.php on line 4
[07-Dec-2016 16:18:55 UTC] PHP Warning:  Invalid argument supplied for foreach() in /home/u509371028/public_html/app/View/_element/menu.php on line 4
[07-Dec-2016 16:18:55 UTC] PHP Warning:  Invalid argument supplied for foreach() in /home/u509371028/public_html/app/View/_element/menu.php on line 4
[07-Dec-2016 16:18:55 UTC] PHP Warning:  Invalid argument supplied for foreach() in /home/u509371028/public_html/app/View/_element/menu.php on line 4
[07-Dec-2016 16:19:50 UTC] PHP Warning:  Invalid argument supplied for foreach() in /home/u509371028/public_html/app/View/_element/menu.php on line 4
[07-Dec-2016 16:19:50 UTC] PHP Warning:  require(PHP/Parser.php): failed to open stream: No such file or directory in /home/u509371028/public_html/app/View/_layout/index.php on line 61
[07-Dec-2016 16:19:50 UTC] PHP Fatal error:  require(): Failed opening required 'PHP/Parser.php' (include_path='/home/u509371028/public_html/lib:/home/u509371028/public_html/app/classes:.:/opt/php-5.5/pear') in /home/u509371028/public_html/app/View/_layout/index.php on line 61
[07-Dec-2016 16:19:50 UTC] PHP Warning:  Invalid argument supplied for foreach() in /home/u509371028/public_html/app/View/_element/menu.php on line 4
[07-Dec-2016 16:19:50 UTC] PHP Warning:  Invalid argument supplied for foreach() in /home/u509371028/public_html/app/View/_element/menu.php on line 4
[07-Dec-2016 16:20:34 UTC] PHP Warning:  Invalid argument supplied for foreach() in /home/u509371028/public_html/app/View/_element/menu.php on line 4
[07-Dec-2016 16:20:34 UTC] PHP Warning:  require(PHP/Parser.php): failed to open stream: No such file or directory in /home/u509371028/public_html/app/View/_layout/index.php on line 62
[07-Dec-2016 16:20:34 UTC] PHP Fatal error:  require(): Failed opening required 'PHP/Parser.php' (include_path='/home/u509371028/public_html/lib:/home/u509371028/public_html/app/classes:.:/opt/php-5.5/pear') in /home/u509371028/public_html/app/View/_layout/index.php on line 62
[07-Dec-2016 16:20:34 UTC] PHP Warning:  Invalid argument supplied for foreach() in /home/u509371028/public_html/app/View/_element/menu.php on line 4
[07-Dec-2016 16:20:34 UTC] PHP Warning:  Invalid argument supplied for foreach() in /home/u509371028/public_html/app/View/_element/menu.php on line 4
[07-Dec-2016 16:21:31 UTC] PHP Warning:  require(PHP/Parser.php): failed to open stream: No such file or directory in /home/u509371028/public_html/app/View/_layout/index.php on line 62
[07-Dec-2016 16:21:31 UTC] PHP Fatal error:  require(): Failed opening required 'PHP/Parser.php' (include_path='/home/u509371028/public_html/lib:/home/u509371028/public_html/app/classes:.:/opt/php-5.5/pear') in /home/u509371028/public_html/app/View/_layout/index.php on line 62
[07-Dec-2016 16:23:15 UTC] PHP Warning:  Invalid argument supplied for foreach() in /home/u509371028/public_html/app/View/_element/menu.php on line 4
[07-Dec-2016 16:23:15 UTC] PHP Warning:  require(PHP/Parser.php): failed to open stream: No such file or directory in /home/u509371028/public_html/app/View/_layout/index.php on line 62
[07-Dec-2016 16:23:15 UTC] PHP Fatal error:  require(): Failed opening required 'PHP/Parser.php' (include_path='/home/u509371028/public_html/lib:/home/u509371028/public_html/app/classes:.:/opt/php-5.5/pear') in /home/u509371028/public_html/app/View/_layout/index.php on line 62
[07-Dec-2016 16:23:15 UTC] PHP Warning:  Invalid argument supplied for foreach() in /home/u509371028/public_html/app/View/_element/menu.php on line 4
[07-Dec-2016 16:23:15 UTC] PHP Warning:  Invalid argument supplied for foreach() in /home/u509371028/public_html/app/View/_element/menu.php on line 4
[07-Dec-2016 16:27:04 UTC] PHP Warning:  Invalid argument supplied for foreach() in /home/u509371028/public_html/app/View/_element/menu.php on line 4
[07-Dec-2016 16:27:04 UTC] PHP Warning:  require(PHP/Parser.php): failed to open stream: No such file or directory in /home/u509371028/public_html/app/View/_layout/index.php on line 62
[07-Dec-2016 16:27:04 UTC] PHP Fatal error:  require(): Failed opening required 'PHP/Parser.php' (include_path='/home/u509371028/public_html/lib:/home/u509371028/public_html/app/classes:.:/opt/php-5.5/pear') in /home/u509371028/public_html/app/View/_layout/index.php on line 62
[07-Dec-2016 16:27:04 UTC] PHP Warning:  Invalid argument supplied for foreach() in /home/u509371028/public_html/app/View/_element/menu.php on line 4
[07-Dec-2016 16:27:05 UTC] PHP Warning:  Invalid argument supplied for foreach() in /home/u509371028/public_html/app/View/_element/menu.php on line 4
[07-Dec-2016 16:27:05 UTC] PHP Warning:  Invalid argument supplied for foreach() in /home/u509371028/public_html/app/View/_element/menu.php on line 4
[07-Dec-2016 16:31:02 UTC] PHP Warning:  Invalid argument supplied for foreach() in /home/u509371028/public_html/app/View/_element/menu.php on line 4
[07-Dec-2016 16:31:02 UTC] PHP Warning:  require(PHP/Parser.php): failed to open stream: No such file or directory in /home/u509371028/public_html/app/View/_layout/index.php on line 62
[07-Dec-2016 16:31:02 UTC] PHP Fatal error:  require(): Failed opening required 'PHP/Parser.php' (include_path='/home/u509371028/public_html/lib:/home/u509371028/public_html/app/classes:.:/opt/php-5.5/pear') in /home/u509371028/public_html/app/View/_layout/index.php on line 62
[07-Dec-2016 16:31:02 UTC] PHP Warning:  Invalid argument supplied for foreach() in /home/u509371028/public_html/app/View/_element/menu.php on line 4
[07-Dec-2016 16:31:02 UTC] PHP Warning:  require(PHP/Parser.php): failed to open stream: No such file or directory in /home/u509371028/public_html/app/View/_layout/index.php on line 62
[07-Dec-2016 16:31:02 UTC] PHP Fatal error:  require(): Failed opening required 'PHP/Parser.php' (include_path='/home/u509371028/public_html/lib:/home/u509371028/public_html/app/classes:.:/opt/php-5.5/pear') in /home/u509371028/public_html/app/View/_layout/index.php on line 62
[07-Dec-2016 16:31:02 UTC] PHP Warning:  Invalid argument supplied for foreach() in /home/u509371028/public_html/app/View/_element/menu.php on line 4
[07-Dec-2016 16:31:03 UTC] PHP Warning:  Invalid argument supplied for foreach() in /home/u509371028/public_html/app/View/_element/menu.php on line 4
[07-Dec-2016 16:35:05 UTC] PHP Warning:  Invalid argument supplied for foreach() in /home/u509371028/public_html/app/View/_element/menu.php on line 4
[07-Dec-2016 16:35:05 UTC] PHP Fatal error:  Call to a member function query() on a non-object in /home/u509371028/public_html/app/View/_layout/index.php on line 19
[07-Dec-2016 16:35:05 UTC] PHP Warning:  Invalid argument supplied for foreach() in /home/u509371028/public_html/app/View/_element/menu.php on line 4
[07-Dec-2016 16:35:06 UTC] PHP Warning:  Invalid argument supplied for foreach() in /home/u509371028/public_html/app/View/_element/menu.php on line 4
[07-Dec-2016 16:35:06 UTC] PHP Warning:  Invalid argument supplied for foreach() in /home/u509371028/public_html/app/View/_element/menu.php on line 4
[07-Dec-2016 16:35:06 UTC] PHP Warning:  Invalid argument supplied for foreach() in /home/u509371028/public_html/app/View/_element/menu.php on line 4
[07-Dec-2016 16:36:31 UTC] PHP Warning:  Invalid argument supplied for foreach() in /home/u509371028/public_html/app/View/_element/menu.php on line 4
[07-Dec-2016 16:36:31 UTC] PHP Fatal error:  Call to a member function query() on a non-object in /home/u509371028/public_html/app/View/_layout/index.php on line 19
[07-Dec-2016 16:36:31 UTC] PHP Warning:  Invalid argument supplied for foreach() in /home/u509371028/public_html/app/View/_element/menu.php on line 4
[07-Dec-2016 16:36:32 UTC] PHP Warning:  Invalid argument supplied for foreach() in /home/u509371028/public_html/app/View/_element/menu.php on line 4
[07-Dec-2016 16:36:55 UTC] PHP Warning:  Invalid argument supplied for foreach() in /home/u509371028/public_html/app/View/_element/menu.php on line 4
[07-Dec-2016 16:36:55 UTC] PHP Warning:  require(PHP/Parser.php): failed to open stream: No such file or directory in /home/u509371028/public_html/app/View/_layout/index.php on line 62
[07-Dec-2016 16:36:55 UTC] PHP Fatal error:  require(): Failed opening required 'PHP/Parser.php' (include_path='/home/u509371028/public_html/lib:/home/u509371028/public_html/app/classes:.:/opt/php-5.5/pear') in /home/u509371028/public_html/app/View/_layout/index.php on line 62
[07-Dec-2016 16:36:55 UTC] PHP Warning:  Invalid argument supplied for foreach() in /home/u509371028/public_html/app/View/_element/menu.php on line 4
[07-Dec-2016 16:36:55 UTC] PHP Warning:  Invalid argument supplied for foreach() in /home/u509371028/public_html/app/View/_element/menu.php on line 4
[07-Dec-2016 16:37:00 UTC] PHP Warning:  Invalid argument supplied for foreach() in /home/u509371028/public_html/app/View/_element/menu.php on line 4
[07-Dec-2016 16:37:02 UTC] PHP Warning:  Invalid argument supplied for foreach() in /home/u509371028/public_html/app/View/_element/menu.php on line 4
[07-Dec-2016 16:37:02 UTC] PHP Warning:  require(PHP/Parser.php): failed to open stream: No such file or directory in /home/u509371028/public_html/app/View/_layout/index.php on line 62
[07-Dec-2016 16:37:02 UTC] PHP Fatal error:  require(): Failed opening required 'PHP/Parser.php' (include_path='/home/u509371028/public_html/lib:/home/u509371028/public_html/app/classes:.:/opt/php-5.5/pear') in /home/u509371028/public_html/app/View/_layout/index.php on line 62
[07-Dec-2016 16:37:02 UTC] PHP Warning:  Invalid argument supplied for foreach() in /home/u509371028/public_html/app/View/_element/menu.php on line 4
[07-Dec-2016 16:37:02 UTC] PHP Warning:  Invalid argument supplied for foreach() in /home/u509371028/public_html/app/View/_element/menu.php on line 4
[07-Dec-2016 16:37:04 UTC] PHP Warning:  Invalid argument supplied for foreach() in /home/u509371028/public_html/app/View/_element/menu.php on line 4
[07-Dec-2016 16:37:05 UTC] PHP Warning:  Invalid argument supplied for foreach() in /home/u509371028/public_html/app/View/_element/menu.php on line 4
[07-Dec-2016 16:37:05 UTC] PHP Warning:  require(PHP/Parser.php): failed to open stream: No such file or directory in /home/u509371028/public_html/app/View/_layout/index.php on line 62
[07-Dec-2016 16:37:05 UTC] PHP Fatal error:  require(): Failed opening required 'PHP/Parser.php' (include_path='/home/u509371028/public_html/lib:/home/u509371028/public_html/app/classes:.:/opt/php-5.5/pear') in /home/u509371028/public_html/app/View/_layout/index.php on line 62
[07-Dec-2016 16:37:05 UTC] PHP Warning:  Invalid argument supplied for foreach() in /home/u509371028/public_html/app/View/_element/menu.php on line 4
[07-Dec-2016 16:37:05 UTC] PHP Warning:  Invalid argument supplied for foreach() in /home/u509371028/public_html/app/View/_element/menu.php on line 4
[07-Dec-2016 16:38:31 UTC] PHP Warning:  Invalid argument supplied for foreach() in /home/u509371028/public_html/app/View/_element/menu.php on line 4
[07-Dec-2016 16:38:31 UTC] PHP Warning:  require(PHP/Parser.php): failed to open stream: No such file or directory in /home/u509371028/public_html/app/View/_layout/index.php on line 62
[07-Dec-2016 16:38:31 UTC] PHP Fatal error:  require(): Failed opening required 'PHP/Parser.php' (include_path='/home/u509371028/public_html/lib:/home/u509371028/public_html/app/classes:.:/opt/php-5.5/pear') in /home/u509371028/public_html/app/View/_layout/index.php on line 62
[07-Dec-2016 16:38:31 UTC] PHP Warning:  Invalid argument supplied for foreach() in /home/u509371028/public_html/app/View/_element/menu.php on line 4
[07-Dec-2016 16:38:32 UTC] PHP Warning:  Invalid argument supplied for foreach() in /home/u509371028/public_html/app/View/_element/menu.php on line 4
[07-Dec-2016 16:41:01 UTC] PHP Warning:  Invalid argument supplied for foreach() in /home/u509371028/public_html/app/View/_element/menu.php on line 4
[07-Dec-2016 16:41:01 UTC] PHP Warning:  require(PHP/Parser.php): failed to open stream: No such file or directory in /home/u509371028/public_html/app/View/_layout/index.php on line 62
[07-Dec-2016 16:41:01 UTC] PHP Fatal error:  require(): Failed opening required 'PHP/Parser.php' (include_path='/home/u509371028/public_html/lib:/home/u509371028/public_html/app/classes:.:/opt/php-5.5/pear') in /home/u509371028/public_html/app/View/_layout/index.php on line 62
[07-Dec-2016 16:41:01 UTC] PHP Warning:  Invalid argument supplied for foreach() in /home/u509371028/public_html/app/View/_element/menu.php on line 4
[07-Dec-2016 16:41:02 UTC] PHP Warning:  Invalid argument supplied for foreach() in /home/u509371028/public_html/app/View/_element/menu.php on line 4
[07-Dec-2016 16:41:02 UTC] PHP Warning:  Invalid argument supplied for foreach() in /home/u509371028/public_html/app/View/_element/menu.php on line 4
[07-Dec-2016 16:41:02 UTC] PHP Warning:  Invalid argument supplied for foreach() in /home/u509371028/public_html/app/View/_element/menu.php on line 4
[07-Dec-2016 16:46:27 UTC] PHP Warning:  Invalid argument supplied for foreach() in /home/u509371028/public_html/app/View/_element/menu.php on line 4
[07-Dec-2016 16:46:27 UTC] PHP Warning:  require(PHP/Parser.php): failed to open stream: No such file or directory in /home/u509371028/public_html/app/View/_layout/index.php on line 63
[07-Dec-2016 16:46:27 UTC] PHP Fatal error:  require(): Failed opening required 'PHP/Parser.php' (include_path='/home/u509371028/public_html/lib:/home/u509371028/public_html/app/classes:.:/opt/php-5.5/pear') in /home/u509371028/public_html/app/View/_layout/index.php on line 63
[07-Dec-2016 16:46:27 UTC] PHP Warning:  Invalid argument supplied for foreach() in /home/u509371028/public_html/app/View/_element/menu.php on line 4
[07-Dec-2016 16:46:28 UTC] PHP Warning:  Invalid argument supplied for foreach() in /home/u509371028/public_html/app/View/_element/menu.php on line 4
[07-Dec-2016 16:46:28 UTC] PHP Warning:  Invalid argument supplied for foreach() in /home/u509371028/public_html/app/View/_element/menu.php on line 4
[07-Dec-2016 16:46:29 UTC] PHP Warning:  Invalid argument supplied for foreach() in /home/u509371028/public_html/app/View/_element/menu.php on line 4
[07-Dec-2016 16:46:30 UTC] PHP Warning:  Invalid argument supplied for foreach() in /home/u509371028/public_html/app/View/_element/menu.php on line 4
[07-Dec-2016 16:46:30 UTC] PHP Warning:  Invalid argument supplied for foreach() in /home/u509371028/public_html/app/View/_layout/articles.php on line 35
[07-Dec-2016 16:46:30 UTC] PHP Warning:  Invalid argument supplied for foreach() in /home/u509371028/public_html/app/View/_element/menu.php on line 4
[07-Dec-2016 16:52:51 UTC] PHP Warning:  Invalid argument supplied for foreach() in /home/u509371028/public_html/app/View/_element/menu.php on line 4
[07-Dec-2016 16:52:51 UTC] PHP Warning:  require(PHP/Parser.php): failed to open stream: No such file or directory in /home/u509371028/public_html/app/View/_layout/index.php on line 63
[07-Dec-2016 16:52:51 UTC] PHP Fatal error:  require(): Failed opening required 'PHP/Parser.php' (include_path='/home/u509371028/public_html/lib:/home/u509371028/public_html/app/classes:.:/opt/php-5.5/pear') in /home/u509371028/public_html/app/View/_layout/index.php on line 63
[07-Dec-2016 16:52:52 UTC] PHP Warning:  Invalid argument supplied for foreach() in /home/u509371028/public_html/app/View/_element/menu.php on line 4
[07-Dec-2016 16:52:52 UTC] PHP Warning:  require(PHP/Parser.php): failed to open stream: No such file or directory in /home/u509371028/public_html/app/View/_layout/index.php on line 63
[07-Dec-2016 16:52:52 UTC] PHP Fatal error:  require(): Failed opening required 'PHP/Parser.php' (include_path='/home/u509371028/public_html/lib:/home/u509371028/public_html/app/classes:.:/opt/php-5.5/pear') in /home/u509371028/public_html/app/View/_layout/index.php on line 63
[07-Dec-2016 16:52:52 UTC] PHP Warning:  Invalid argument supplied for foreach() in /home/u509371028/public_html/app/View/_element/menu.php on line 4
[07-Dec-2016 16:52:52 UTC] PHP Warning:  Invalid argument supplied for foreach() in /home/u509371028/public_html/app/View/_element/menu.php on line 4
[07-Dec-2016 16:52:53 UTC] PHP Warning:  Invalid argument supplied for foreach() in /home/u509371028/public_html/app/View/_element/menu.php on line 4
[07-Dec-2016 16:56:44 UTC] PHP Warning:  Invalid argument supplied for foreach() in /home/u509371028/public_html/app/View/_element/menu.php on line 4
[07-Dec-2016 16:56:44 UTC] PHP Warning:  Invalid argument supplied for foreach() in /home/u509371028/public_html/app/View/_layout/articles.php on line 35
[07-Dec-2016 16:56:44 UTC] PHP Warning:  Invalid argument supplied for foreach() in /home/u509371028/public_html/app/View/_element/menu.php on line 4
[07-Dec-2016 17:01:07 UTC] PHP Warning:  Invalid argument supplied for foreach() in /home/u509371028/public_html/app/View/_element/menu.php on line 4
[07-Dec-2016 17:01:07 UTC] PHP Warning:  Invalid argument supplied for foreach() in /home/u509371028/public_html/app/View/_layout/articles.php on line 35
[07-Dec-2016 17:01:07 UTC] PHP Warning:  Invalid argument supplied for foreach() in /home/u509371028/public_html/app/View/_element/menu.php on line 4
[07-Dec-2016 17:01:08 UTC] PHP Warning:  Invalid argument supplied for foreach() in /home/u509371028/public_html/app/View/_element/menu.php on line 4
[07-Dec-2016 17:01:09 UTC] PHP Warning:  Invalid argument supplied for foreach() in /home/u509371028/public_html/app/View/_element/menu.php on line 4
[07-Dec-2016 17:01:14 UTC] PHP Warning:  Invalid argument supplied for foreach() in /home/u509371028/public_html/app/View/_element/menu.php on line 4
[07-Dec-2016 17:01:14 UTC] PHP Warning:  Invalid argument supplied for foreach() in /home/u509371028/public_html/app/View/_layout/articles.php on line 35
[07-Dec-2016 17:01:14 UTC] PHP Warning:  Invalid argument supplied for foreach() in /home/u509371028/public_html/app/View/_element/menu.php on line 4
[07-Dec-2016 17:03:22 UTC] PHP Warning:  Invalid argument supplied for foreach() in /home/u509371028/public_html/app/View/_element/menu.php on line 4
[07-Dec-2016 17:03:22 UTC] PHP Warning:  require(PHP/Parser.php): failed to open stream: No such file or directory in /home/u509371028/public_html/app/View/_layout/index.php on line 63
[07-Dec-2016 17:03:22 UTC] PHP Fatal error:  require(): Failed opening required 'PHP/Parser.php' (include_path='/home/u509371028/public_html/lib:/home/u509371028/public_html/app/classes:.:/opt/php-5.5/pear') in /home/u509371028/public_html/app/View/_layout/index.php on line 63
[07-Dec-2016 17:03:23 UTC] PHP Warning:  Invalid argument supplied for foreach() in /home/u509371028/public_html/app/View/_element/menu.php on line 4
[07-Dec-2016 17:03:23 UTC] PHP Warning:  Invalid argument supplied for foreach() in /home/u509371028/public_html/app/View/_element/menu.php on line 4
[07-Dec-2016 17:03:24 UTC] PHP Warning:  Invalid argument supplied for foreach() in /home/u509371028/public_html/app/View/_element/menu.php on line 4
[07-Dec-2016 17:03:43 UTC] PHP Warning:  Invalid argument supplied for foreach() in /home/u509371028/public_html/app/View/_element/menu.php on line 4
[07-Dec-2016 17:03:43 UTC] PHP Warning:  Invalid argument supplied for foreach() in /home/u509371028/public_html/app/View/_element/menu.php on line 4
[07-Dec-2016 17:05:08 UTC] PHP Warning:  Invalid argument supplied for foreach() in /home/u509371028/public_html/app/View/_element/menu.php on line 4
[07-Dec-2016 17:05:13 UTC] PHP Warning:  Invalid argument supplied for foreach() in /home/u509371028/public_html/app/View/_element/menu.php on line 4
[07-Dec-2016 17:05:13 UTC] PHP Warning:  Invalid argument supplied for foreach() in /home/u509371028/public_html/app/View/_layout/articles.php on line 4
[07-Dec-2016 17:05:13 UTC] PHP Warning:  Invalid argument supplied for foreach() in /home/u509371028/public_html/app/View/_element/menu.php on line 4
[07-Dec-2016 17:07:55 UTC] PHP Warning:  Invalid argument supplied for foreach() in /home/u509371028/public_html/app/View/_element/menu.php on line 4
[07-Dec-2016 17:11:09 UTC] PHP Warning:  require(PHP/Parser.php): failed to open stream: No such file or directory in /home/u509371028/public_html/app/View/_layout/index.php on line 63
[07-Dec-2016 17:11:09 UTC] PHP Fatal error:  require(): Failed opening required 'PHP/Parser.php' (include_path='/home/u509371028/public_html/lib:/home/u509371028/public_html/app/classes:.:/opt/php-5.5/pear') in /home/u509371028/public_html/app/View/_layout/index.php on line 63
[07-Dec-2016 17:13:19 UTC] PHP Warning:  require(PHP/Parser.php): failed to open stream: No such file or directory in /home/u509371028/public_html/app/View/_layout/index.php on line 63
[07-Dec-2016 17:13:19 UTC] PHP Fatal error:  require(): Failed opening required 'PHP/Parser.php' (include_path='/home/u509371028/public_html/lib:/home/u509371028/public_html/app/classes:.:/opt/php-5.5/pear') in /home/u509371028/public_html/app/View/_layout/index.php on line 63
[07-Dec-2016 17:27:08 UTC] PHP Warning:  require(PHP/Parser.php): failed to open stream: No such file or directory in /home/u509371028/public_html/app/View/_layout/index.php on line 63
[07-Dec-2016 17:27:08 UTC] PHP Fatal error:  require(): Failed opening required 'PHP/Parser.php' (include_path='/home/u509371028/public_html/lib:/home/u509371028/public_html/app/classes:.:/opt/php-5.5/pear') in /home/u509371028/public_html/app/View/_layout/index.php on line 63
[07-Dec-2016 17:27:45 UTC] PHP Warning:  require(PHP/Parser.php): failed to open stream: No such file or directory in /home/u509371028/public_html/app/View/_layout/index.php on line 63
[07-Dec-2016 17:27:45 UTC] PHP Fatal error:  require(): Failed opening required 'PHP/Parser.php' (include_path='/home/u509371028/public_html/lib:/home/u509371028/public_html/app/classes:.:/opt/php-5.5/pear') in /home/u509371028/public_html/app/View/_layout/index.php on line 63
[07-Dec-2016 20:15:27 UTC] PHP Warning:  require(PHP/Parser.php): failed to open stream: No such file or directory in /home/u509371028/public_html/app/View/_layout/index.php on line 63
[07-Dec-2016 20:15:27 UTC] PHP Fatal error:  require(): Failed opening required 'PHP/Parser.php' (include_path='/home/u509371028/public_html/lib:/home/u509371028/public_html/app/classes:.:/opt/php-5.5/pear') in /home/u509371028/public_html/app/View/_layout/index.php on line 63
